[debug] [2017-09-21T05:23:59.674Z] ----------------------------------------------------------------------
[debug] [2017-09-21T05:23:59.677Z] Command:       C:\Program Files\nodejs\node.exe C:\Users\sandland\AppData\Roaming\npm\node_modules\firebase-tools\bin\firebase serve --only functions,hosting
[debug] [2017-09-21T05:23:59.678Z] CLI Version:   3.12.0
[debug] [2017-09-21T05:23:59.678Z] Platform:      win32
[debug] [2017-09-21T05:23:59.678Z] Node Version:  v6.11.3
[debug] [2017-09-21T05:23:59.679Z] Time:          Thu Sep 21 2017 12:23:59 GMT+0700 (SE Asia Standard Time)
[debug] [2017-09-21T05:23:59.679Z] ----------------------------------------------------------------------
[debug] 
[debug] [2017-09-21T05:23:59.696Z] > command requires scopes: ["email","openid","https://www.googleapis.com/auth/cloudplatformprojects.readonly","https://www.googleapis.com/auth/firebase","https://www.googleapis.com/auth/cloud-platform"]
[debug] [2017-09-21T05:23:59.696Z] > authorizing via signed-in user
[debug] [2017-09-21T05:23:59.699Z] >>> HTTP REQUEST GET https://admin.firebase.com/v1/projects/rawofnumber  
 Thu Sep 21 2017 12:23:59 GMT+0700 (SE Asia Standard Time)
[debug] [2017-09-21T05:24:01.292Z] <<< HTTP RESPONSE 200
[debug] [2017-09-21T05:24:01.293Z] >>> HTTP REQUEST GET https://admin.firebase.com/v1/database/rawofnumber/tokens  
 Thu Sep 21 2017 12:24:01 GMT+0700 (SE Asia Standard Time)
[debug] [2017-09-21T05:24:02.286Z] <<< HTTP RESPONSE 200
[info] 
[info] === Serving from 'C:\webapps\rawofnumber'...
[info] 
[info] i  functions: Preparing to emulate functions.
[debug] [2017-09-21T05:24:05.393Z] >>> HTTP REQUEST GET https://appengine.googleapis.com/v1/apps/rawofnumber  
 Thu Sep 21 2017 12:24:05 GMT+0700 (SE Asia Standard Time)
[debug] [2017-09-21T05:24:05.394Z] >>> HTTP REQUEST GET https://apikeys.googleapis.com/v1/projects/rawofnumber/apiKeys  
 Thu Sep 21 2017 12:24:05 GMT+0700 (SE Asia Standard Time)
[debug] [2017-09-21T05:24:05.395Z] >>> HTTP REQUEST GET https://cloudresourcemanager.googleapis.com/v1/projects/rawofnumber  
 Thu Sep 21 2017 12:24:05 GMT+0700 (SE Asia Standard Time)
[debug] [2017-09-21T05:24:06.723Z] <<< HTTP RESPONSE 200
[debug] [2017-09-21T05:24:06.724Z] >>> HTTP REQUEST GET https://mobilesdk-pa.googleapis.com/v1/projects/502514801829/clients/_:getWebAppConfig  
 Thu Sep 21 2017 12:24:06 GMT+0700 (SE Asia Standard Time)
[debug] [2017-09-21T05:24:06.979Z] <<< HTTP RESPONSE 200
[debug] [2017-09-21T05:24:06.999Z] <<< HTTP RESPONSE 200
[debug] [2017-09-21T05:24:07.952Z] <<< HTTP RESPONSE 200
[info] i  hosting: Serving hosting files from: public
[info] +  hosting: Local server: http://localhost:5000

[info] +  functions: helloWorld: http://localhost:5001/rawofnumber/us-central1/helloWorld
[info] Shutting down...
[debug] [2017-09-21T05:27:08.266Z] ----------------------------------------------------------------------
[debug] [2017-09-21T05:27:08.269Z] Command:       C:\Program Files\nodejs\node.exe C:\Users\sandland\AppData\Roaming\npm\node_modules\firebase-tools\bin\firebase serve --only functions,hosting
[debug] [2017-09-21T05:27:08.269Z] CLI Version:   3.12.0
[debug] [2017-09-21T05:27:08.269Z] Platform:      win32
[debug] [2017-09-21T05:27:08.270Z] Node Version:  v6.11.3
[debug] [2017-09-21T05:27:08.270Z] Time:          Thu Sep 21 2017 12:27:08 GMT+0700 (SE Asia Standard Time)
[debug] [2017-09-21T05:27:08.270Z] ----------------------------------------------------------------------
[debug] 
[debug] [2017-09-21T05:27:08.286Z] > command requires scopes: ["email","openid","https://www.googleapis.com/auth/cloudplatformprojects.readonly","https://www.googleapis.com/auth/firebase","https://www.googleapis.com/auth/cloud-platform"]
[debug] [2017-09-21T05:27:08.287Z] > authorizing via signed-in user
[debug] [2017-09-21T05:27:08.290Z] >>> HTTP REQUEST GET https://admin.firebase.com/v1/projects/rawofnumber  
 Thu Sep 21 2017 12:27:08 GMT+0700 (SE Asia Standard Time)
[debug] [2017-09-21T05:27:09.675Z] <<< HTTP RESPONSE 200
[debug] [2017-09-21T05:27:09.677Z] >>> HTTP REQUEST GET https://admin.firebase.com/v1/database/rawofnumber/tokens  
 Thu Sep 21 2017 12:27:09 GMT+0700 (SE Asia Standard Time)
[debug] [2017-09-21T05:27:10.666Z] <<< HTTP RESPONSE 200
[info] 
[info] === Serving from 'C:\webapps\rawofnumber'...
[info] 
[info] i  functions: Preparing to emulate functions.
[debug] [2017-09-21T05:27:11.174Z] >>> HTTP REQUEST GET https://appengine.googleapis.com/v1/apps/rawofnumber  
 Thu Sep 21 2017 12:27:11 GMT+0700 (SE Asia Standard Time)
[debug] [2017-09-21T05:27:11.175Z] >>> HTTP REQUEST GET https://apikeys.googleapis.com/v1/projects/rawofnumber/apiKeys  
 Thu Sep 21 2017 12:27:11 GMT+0700 (SE Asia Standard Time)
[debug] [2017-09-21T05:27:11.176Z] >>> HTTP REQUEST GET https://cloudresourcemanager.googleapis.com/v1/projects/rawofnumber  
 Thu Sep 21 2017 12:27:11 GMT+0700 (SE Asia Standard Time)
[debug] [2017-09-21T05:27:12.513Z] <<< HTTP RESPONSE 200
[debug] [2017-09-21T05:27:12.515Z] >>> HTTP REQUEST GET https://mobilesdk-pa.googleapis.com/v1/projects/502514801829/clients/_:getWebAppConfig  
 Thu Sep 21 2017 12:27:12 GMT+0700 (SE Asia Standard Time)
[debug] [2017-09-21T05:27:12.566Z] <<< HTTP RESPONSE 200
[debug] [2017-09-21T05:27:12.693Z] <<< HTTP RESPONSE 200
[debug] [2017-09-21T05:27:13.281Z] <<< HTTP RESPONSE 200
[info] i  hosting: Serving hosting files from: public
[info] +  hosting: Local server: http://localhost:5000

[info] +  functions: app: http://localhost:5001/rawofnumber/us-central1/app
[info] Shutting down...
